{"ts":1733593974595,"action":"PROJECT_OPENED","tags":{"PROJECT_NAME":"Quizki"}}
{"ts":1733593984371,"action":"IDE_DEACTIVATED"}
{"ts":1733593992595,"action":"IDE_ACTIVATED"}
{"ts":1733594081652,"action":"IDE_DEACTIVATED"}
{"ts":1733594182837,"action":"IDE_ACTIVATED"}
{"ts":1733594258302,"action":"IDE_DEACTIVATED"}
{"ts":1733594259431,"action":"IDE_ACTIVATED"}
{"ts":1733594260135,"action":"FILE_CLOSED","file":"/src/main/java/Quizki/Models/Variables.java","tags":{"FILE_LINE_OF_CODE":"19"}}
{"ts":1733594260135,"action":"FILE_OPENED","file":"/src/main/java/Quizki/Pages/Repository/Repository.java","tags":{"FILE_LINE_OF_CODE":"135"}}
{"ts":1733594270717,"action":"IDE_DEACTIVATED"}
{"ts":1733594334180,"action":"IDE_ACTIVATED"}
{"ts":1733594348789,"action":"FILE_CLOSED","file":"/src/main/java/Quizki/Models/JsonHandler.java","tags":{"FILE_LINE_OF_CODE":"67"}}
{"ts":1733594348789,"action":"FILE_OPENED","file":"/src/main/java/Quizki/Models/Collect.java","tags":{"FILE_LINE_OF_CODE":"52"}}
{"ts":1733594350277,"action":"FILE_CLOSED","file":"/src/main/java/Quizki/Models/Collect.java","tags":{"FILE_LINE_OF_CODE":"52"}}
{"ts":1733594350277,"action":"FILE_OPENED","file":"/src/main/java/Quizki/Models/JsonHandler.java","tags":{"FILE_LINE_OF_CODE":"67"}}
{"ts":1733594355106,"action":"IDE_DEACTIVATED"}
{"ts":1733594440021,"action":"IDE_ACTIVATED"}
{"ts":1733594449314,"action":"FILE_CLOSED","file":"/src/main/java/Quizki/Models/JsonHandler.java","tags":{"FILE_LINE_OF_CODE":"67"}}
{"ts":1733594449314,"action":"FILE_OPENED","file":"/src/main/java/Quizki/Pages/Repository/Repository.java","tags":{"FILE_LINE_OF_CODE":"135"}}
{"ts":1733594450089,"action":"FILE_CLOSED","file":"/src/main/java/Quizki/Pages/Repository/Repository.java","tags":{"FILE_LINE_OF_CODE":"135"}}
{"ts":1733594450089,"action":"FILE_OPENED","file":"/src/main/java/Quizki/Models/Collect.java","tags":{"FILE_LINE_OF_CODE":"52"}}
{"ts":1733594452967,"action":"FILE_CLOSED","file":"/src/main/java/Quizki/Models/Collect.java","tags":{"FILE_LINE_OF_CODE":"52"}}
{"ts":1733594452967,"action":"FILE_OPENED","file":"/src/main/java/Quizki/Pages/Repository/Repository.java","tags":{"FILE_LINE_OF_CODE":"135"}}
{"ts":1733594454108,"action":"FILE_CLOSED","file":"/src/main/java/Quizki/Pages/Repository/Repository.java","tags":{"FILE_LINE_OF_CODE":"135"}}
{"ts":1733594454108,"action":"FILE_OPENED","file":"/src/main/java/Quizki/Models/Variables.java","tags":{"FILE_LINE_OF_CODE":"19"}}
{"ts":1733594462823,"action":"FILE_CLOSED","file":"/src/main/java/Quizki/Models/Variables.java","tags":{"FILE_LINE_OF_CODE":"19"}}
{"ts":1733594462823,"action":"FILE_OPENED","file":"/src/main/java/Quizki/Pages/Repository/Repository.java","tags":{"FILE_LINE_OF_CODE":"135"}}
{"ts":1733594475377,"action":"FILE_CLOSED","file":"/src/main/java/Quizki/Pages/Repository/Repository.java","tags":{"FILE_LINE_OF_CODE":"135"}}
{"ts":1733594475418,"action":"FILE_OPENED","file":"/src/main/resources/repository_style.css","tags":{"FILE_LINE_OF_CODE":"24"}}
{"ts":1733594481957,"action":"FILE_CLOSED","file":"/src/main/resources/repository_style.css","tags":{"FILE_LINE_OF_CODE":"24"}}
{"ts":1733594481957,"action":"FILE_OPENED","file":"/src/main/java/Quizki/Pages/Repository/Repository.java","tags":{"FILE_LINE_OF_CODE":"135"}}
{"ts":1733594483538,"action":"IDE_DEACTIVATED"}
{"ts":1733594485056,"action":"IDE_ACTIVATED"}
{"ts":1733594501415,"action":"FILE_CLOSED","file":"/src/main/java/Quizki/Pages/Repository/Repository.java","tags":{"FILE_LINE_OF_CODE":"135"}}
{"ts":1733594501474,"action":"FILE_OPENED","file":"/src/main/java/Quizki/Pages/Create/Create.java","tags":{"FILE_LINE_OF_CODE":"106"}}
{"ts":1733594529402,"action":"IDE_DEACTIVATED"}
{"ts":1733594531595,"action":"IDE_ACTIVATED"}
{"ts":1733594539922,"action":"IDE_DEACTIVATED"}
{"ts":1733594575879,"action":"IDE_ACTIVATED"}
{"ts":1733594588503,"action":"IDE_DEACTIVATED"}
{"ts":1733594643026,"action":"IDE_ACTIVATED"}
{"ts":1733594648217,"action":"FILE_CLOSED","file":"/src/main/java/Quizki/Pages/Create/Create.java","tags":{"FILE_LINE_OF_CODE":"106"}}
{"ts":1733594648276,"action":"FILE_OPENED","file":"/src/main/java/Quizki/Pages/Create/Events.java","tags":{"FILE_LINE_OF_CODE":"129"}}
{"ts":1733594689214,"action":"FILE_CLOSED","file":"/src/main/java/Quizki/Pages/Create/Events.java","tags":{"FILE_LINE_OF_CODE":"127"}}
{"ts":1733594689214,"action":"FILE_OPENED","file":"/src/main/java/Quizki/Pages/Create/Create.java","tags":{"FILE_LINE_OF_CODE":"106"}}
{"ts":1733594721173,"action":"FILE_CLOSED","file":"/src/main/java/Quizki/Pages/Create/Create.java","tags":{"FILE_LINE_OF_CODE":"109"}}
{"ts":1733594721173,"action":"FILE_OPENED","file":"/src/main/java/Quizki/Pages/Create/Events.java","tags":{"FILE_LINE_OF_CODE":"127"}}
{"ts":1733594742155,"action":"FILE_CLOSED","file":"/src/main/java/Quizki/Pages/Create/Events.java","tags":{"FILE_LINE_OF_CODE":"125"}}
{"ts":1733594742155,"action":"FILE_OPENED","file":"/src/main/java/Quizki/Pages/Repository/Repository.java","tags":{"FILE_LINE_OF_CODE":"135"}}
{"ts":1733594744104,"action":"FILE_CLOSED","file":"/src/main/java/Quizki/Pages/Repository/Repository.java","tags":{"FILE_LINE_OF_CODE":"135"}}
{"ts":1733594744161,"action":"FILE_OPENED","file":"/src/main/java/Quizki/Pages/Repository/Events.java","tags":{"FILE_LINE_OF_CODE":"77"}}
{"ts":1733594970131,"action":"FILE_CLOSED","file":"/src/main/java/Quizki/Pages/Repository/Events.java","tags":{"FILE_LINE_OF_CODE":"77"}}
{"ts":1733594970131,"action":"FILE_OPENED","file":"/src/main/java/Quizki/Pages/Create/Create.java","tags":{"FILE_LINE_OF_CODE":"109"}}
{"ts":1733594971511,"action":"FILE_CLOSED","file":"/src/main/java/Quizki/Pages/Create/Create.java","tags":{"FILE_LINE_OF_CODE":"109"}}
{"ts":1733594971511,"action":"FILE_OPENED","file":"/src/main/java/Quizki/Pages/Repository/Events.java","tags":{"FILE_LINE_OF_CODE":"77"}}
{"ts":1733594981207,"action":"FILE_CLOSED","file":"/src/main/java/Quizki/Pages/Repository/Events.java","tags":{"FILE_LINE_OF_CODE":"77"}}
{"ts":1733594981207,"action":"FILE_OPENED","file":"/src/main/java/Quizki/Pages/Create/Events.java","tags":{"FILE_LINE_OF_CODE":"125"}}
{"ts":1733595007091,"action":"IDE_DEACTIVATED"}
{"ts":1733595033339,"action":"IDE_ACTIVATED"}
{"ts":1733595111990,"action":"IDE_DEACTIVATED"}
{"ts":1733595116172,"action":"IDE_ACTIVATED"}
{"ts":1733595116405,"action":"IDE_DEACTIVATED"}
{"ts":1733595120082,"action":"IDE_ACTIVATED"}
{"ts":1733595250072,"action":"IDE_DEACTIVATED"}
{"ts":1733595260270,"action":"IDE_ACTIVATED"}
{"ts":1733595295213,"action":"IDE_DEACTIVATED"}
{"ts":1733595676447,"action":"IDE_ACTIVATED"}
{"ts":1733595685087,"action":"FILE_CLOSED","file":"/src/main/java/Quizki/Pages/Create/Events.java","tags":{"FILE_LINE_OF_CODE":"133"}}
{"ts":1733595685087,"action":"FILE_OPENED","file":"/src/main/java/Quizki/Pages/Repository/Repository.java","tags":{"FILE_LINE_OF_CODE":"135"}}
{"ts":1733595687330,"action":"FILE_CLOSED","file":"/src/main/java/Quizki/Pages/Repository/Repository.java","tags":{"FILE_LINE_OF_CODE":"135"}}
{"ts":1733595687330,"action":"FILE_OPENED","file":"/src/main/java/Quizki/Pages/Repository/Events.java","tags":{"FILE_LINE_OF_CODE":"77"}}
{"ts":1733595694344,"action":"FILE_CLOSED","file":"/src/main/java/Quizki/Pages/Repository/Events.java","tags":{"FILE_LINE_OF_CODE":"77"}}
{"ts":1733595694384,"action":"FILE_OPENED","file":"/src/main/java/Quizki/Pages/Repository/TextType/Events.java","tags":{"FILE_LINE_OF_CODE":"99"}}
{"ts":1733595721473,"action":"IDE_DEACTIVATED"}
{"ts":1733596853397,"action":"IDE_ACTIVATED"}
{"ts":1733596859446,"action":"FILE_CLOSED","file":"/src/main/java/Quizki/Pages/Repository/TextType/Events.java","tags":{"FILE_LINE_OF_CODE":"99"}}
{"ts":1733596859446,"action":"FILE_OPENED","file":"/src/main/java/Quizki/Pages/Create/Events.java","tags":{"FILE_LINE_OF_CODE":"133"}}
{"ts":1733597015120,"action":"IDE_DEACTIVATED"}
{"ts":1733597077931,"action":"IDE_ACTIVATED"}
{"ts":1733597082823,"action":"IDE_DEACTIVATED"}
{"ts":1733597084301,"action":"IDE_ACTIVATED"}
{"ts":1733597242710,"action":"IDE_DEACTIVATED"}
{"ts":1733597243113,"action":"IDE_ACTIVATED"}
{"ts":1733597264442,"action":"IDE_DEACTIVATED"}
{"ts":1733597292621,"action":"IDE_ACTIVATED"}
{"ts":1733597292892,"action":"IDE_DEACTIVATED"}
{"ts":1733597297816,"action":"IDE_ACTIVATED"}
{"ts":1733597298338,"action":"IDE_DEACTIVATED"}
{"ts":1733597304169,"action":"IDE_ACTIVATED"}
{"ts":1733597304774,"action":"IDE_DEACTIVATED"}
{"ts":1733597328744,"action":"IDE_ACTIVATED"}
{"ts":1733597329266,"action":"IDE_DEACTIVATED"}
{"ts":1733597433899,"action":"IDE_ACTIVATED"}
{"ts":1733597437227,"action":"IDE_DEACTIVATED"}
{"ts":1733597441148,"action":"IDE_ACTIVATED"}
{"ts":1733597474121,"action":"IDE_DEACTIVATED"}
{"ts":1733597478480,"action":"IDE_ACTIVATED"}
{"ts":1733597490591,"action":"IDE_DEACTIVATED"}
{"ts":1733597493588,"action":"IDE_ACTIVATED"}
{"ts":1733597501645,"action":"IDE_DEACTIVATED"}
{"ts":1733597504242,"action":"IDE_ACTIVATED"}
{"ts":1733597512374,"action":"IDE_DEACTIVATED"}
{"ts":1733597514639,"action":"IDE_ACTIVATED"}
{"ts":1733597520961,"action":"IDE_DEACTIVATED"}
{"ts":1733597530591,"action":"IDE_ACTIVATED"}
{"ts":1733597637090,"action":"IDE_DEACTIVATED"}
{"ts":1733597640048,"action":"IDE_ACTIVATED"}
{"ts":1733597667861,"action":"IDE_DEACTIVATED"}
{"ts":1733597669586,"action":"IDE_ACTIVATED"}
{"ts":1733597672231,"action":"IDE_DEACTIVATED"}
{"ts":1733597683606,"action":"IDE_ACTIVATED"}
{"ts":1733597687193,"action":"IDE_DEACTIVATED"}
{"ts":1733597714014,"action":"IDE_ACTIVATED"}
{"ts":1733598051281,"action":"IDE_DEACTIVATED"}
{"ts":1733598059972,"action":"IDE_ACTIVATED"}
{"ts":1733598061744,"action":"IDE_DEACTIVATED"}
{"ts":1733598109505,"action":"IDE_ACTIVATED"}
{"ts":1733598110302,"action":"IDE_DEACTIVATED"}
{"ts":1733598132119,"action":"IDE_ACTIVATED"}
{"ts":1733598307747,"action":"FILE_CLOSED","file":"/src/main/java/Quizki/Pages/Create/Events.java","tags":{"FILE_LINE_OF_CODE":"158"}}
{"ts":1733598307845,"action":"FILE_OPENED","file":"/src/main/java/Quizki/Models/Variables.java","tags":{"FILE_LINE_OF_CODE":"19"}}
{"ts":1733598314886,"action":"IDE_DEACTIVATED"}
{"ts":1733598319067,"action":"IDE_ACTIVATED"}
{"ts":1733598320217,"action":"IDE_DEACTIVATED"}
{"ts":1733598359219,"action":"IDE_ACTIVATED"}
{"ts":1733598364872,"action":"FILE_CLOSED","file":"/src/main/java/Quizki/Models/Variables.java","tags":{"FILE_LINE_OF_CODE":"20"}}
{"ts":1733598364872,"action":"FILE_OPENED","file":"/src/main/java/Quizki/Pages/Create/Events.java","tags":{"FILE_LINE_OF_CODE":"158"}}
{"ts":1733598368441,"action":"FILE_CLOSED","file":"/src/main/java/Quizki/Pages/Create/Events.java","tags":{"FILE_LINE_OF_CODE":"158"}}
{"ts":1733598368471,"action":"FILE_OPENED","file":"/src/main/java/Quizki/Pages/Account/Account.java","tags":{"FILE_LINE_OF_CODE":"35"}}
{"ts":1733598385421,"action":"IDE_DEACTIVATED"}
{"ts":1733598386640,"action":"IDE_ACTIVATED"}
{"ts":1733598388182,"action":"IDE_DEACTIVATED"}
{"ts":1733598397500,"action":"IDE_ACTIVATED"}
{"ts":1733598420282,"action":"FILE_CLOSED","file":"/src/main/java/Quizki/Pages/Account/Account.java","tags":{"FILE_LINE_OF_CODE":"35"}}
{"ts":1733598420347,"action":"FILE_OPENED","file":"/src/main/java/Quizki/Pages/Account/Events.java","tags":{"FILE_LINE_OF_CODE":"5"}}
{"ts":1733598428160,"action":"FILE_CLOSED","file":"/src/main/java/Quizki/Pages/Account/Events.java","tags":{"FILE_LINE_OF_CODE":"5"}}
{"ts":1733598428160,"action":"FILE_OPENED","file":"/src/main/java/Quizki/Pages/Create/Events.java","tags":{"FILE_LINE_OF_CODE":"158"}}
{"ts":1733598436135,"action":"FILE_CLOSED","file":"/src/main/java/Quizki/Pages/Create/Events.java","tags":{"FILE_LINE_OF_CODE":"158"}}
{"ts":1733598436135,"action":"FILE_OPENED","file":"/src/main/java/Quizki/Pages/Account/Events.java","tags":{"FILE_LINE_OF_CODE":"5"}}
{"ts":1733598449264,"action":"FILE_CLOSED","file":"/src/main/java/Quizki/Pages/Account/Events.java","tags":{"FILE_LINE_OF_CODE":"5"}}
{"ts":1733598449264,"action":"FILE_OPENED","file":"/src/main/java/Quizki/Pages/Create/Events.java","tags":{"FILE_LINE_OF_CODE":"158"}}
{"ts":1733598452776,"action":"FILE_CLOSED","file":"/src/main/java/Quizki/Pages/Create/Events.java","tags":{"FILE_LINE_OF_CODE":"158"}}
{"ts":1733598452776,"action":"FILE_OPENED","file":"/src/main/java/Quizki/Models/Variables.java","tags":{"FILE_LINE_OF_CODE":"20"}}
{"ts":1733598454584,"action":"FILE_CLOSED","file":"/src/main/java/Quizki/Models/Variables.java","tags":{"FILE_LINE_OF_CODE":"20"}}
{"ts":1733598454584,"action":"FILE_OPENED","file":"/src/main/java/Quizki/Pages/Create/Events.java","tags":{"FILE_LINE_OF_CODE":"158"}}
{"ts":1733598480771,"action":"IDE_DEACTIVATED"}
{"ts":1733598590958,"action":"IDE_ACTIVATED"}
{"ts":1733598623718,"action":"IDE_DEACTIVATED"}
